\BOOKMARK [1][-]{section.1}{Struktura bazy danych}{}% 1
\BOOKMARK [2][-]{subsection.1.1}{Modele i diagramy}{section.1}% 2
\BOOKMARK [2][-]{subsection.1.2}{Tabele}{section.1}% 3
\BOOKMARK [3][-]{subsubsection.1.2.1}{Klasa}{subsection.1.2}% 4
\BOOKMARK [3][-]{subsubsection.1.2.2}{Kontakt}{subsection.1.2}% 5
\BOOKMARK [3][-]{subsubsection.1.2.3}{Modyfikacja}{subsection.1.2}% 6
\BOOKMARK [3][-]{subsubsection.1.2.4}{Nauczyciel}{subsection.1.2}% 7
\BOOKMARK [3][-]{subsubsection.1.2.5}{Nauczyciel\137przedmiot}{subsection.1.2}% 8
\BOOKMARK [3][-]{subsubsection.1.2.6}{Obecnosc}{subsection.1.2}% 9
\BOOKMARK [3][-]{subsubsection.1.2.7}{Ocena}{subsection.1.2}% 10
\BOOKMARK [3][-]{subsubsection.1.2.8}{Osoba}{subsection.1.2}% 11
\BOOKMARK [3][-]{subsubsection.1.2.9}{Przedmiot}{subsection.1.2}% 12
\BOOKMARK [3][-]{subsubsection.1.2.10}{Rodzaj\137kontaktu}{subsection.1.2}% 13
\BOOKMARK [3][-]{subsubsection.1.2.11}{Rodzaj\137oceny}{subsection.1.2}% 14
\BOOKMARK [3][-]{subsubsection.1.2.12}{Rodzaj\137przedmiotu}{subsection.1.2}% 15
\BOOKMARK [3][-]{subsubsection.1.2.13}{Rola\137uzytkownika}{subsection.1.2}% 16
\BOOKMARK [3][-]{subsubsection.1.2.14}{Srednia}{subsection.1.2}% 17
\BOOKMARK [2][-]{subsection.1.3}{Srednia\137Ocena}{section.1}% 18
\BOOKMARK [3][-]{subsubsection.1.3.1}{Uczen}{subsection.1.3}% 19
\BOOKMARK [3][-]{subsubsection.1.3.2}{Uczen\137opiekun}{subsection.1.3}% 20
\BOOKMARK [3][-]{subsubsection.1.3.3}{Uwagi\137szkolne}{subsection.1.3}% 21
\BOOKMARK [3][-]{subsubsection.1.3.4}{Uzytkownik}{subsection.1.3}% 22
\BOOKMARK [2][-]{subsection.1.4}{Procedury i triggery}{section.1}% 23
\BOOKMARK [2][-]{subsection.1.5}{Widoki}{section.1}% 24
\BOOKMARK [2][-]{subsection.1.6}{Uzytkownicy}{section.1}% 25
\BOOKMARK [1][-]{section.2}{Opis aplikacji zarzadzajacej}{}% 26
\BOOKMARK [1][-]{section.3}{Rysunki i tabele}{}% 27
